# ******************************************************************************

# iCEcube Static Timer

# Version:            2017.08.27940

# Build Date:         Sep 11 2017 16:53:46

# File Generated:     Sep 16 2020 21:11:43

# Purpose:            Timing Report with critical paths info

# Copyright (C) 2006-2010 by Lattice Semiconductor Corp. All rights reserved.

# ******************************************************************************

Device: iCE40HX1K
Derating factors (Best:Typical:Worst) :-  ( 0.563724 : 0.623363 : 0.701346 )
Derating factor used to generate this timing report:  Worst
Based on the following operating conditions 
Junction Temperature(degree Celsius): 85
Core Voltage(V): 1.14
Process Corner:  Worst
NOTE:
Please check both worst-case and best-case scenarios for "Setup Times" 
and "Hold Times" checks
 #####################################################################
                    Table of Contents
 =====================================================================
	1::Clock Frequency Summary
	2::Clock Relationship Summary
	3::Datasheet Report
		3.1::Setup Times
		3.2::Clock to Out
		3.3::Pad to Pad
		3.4::Hold Times
		3.5::Minimum Clock to Out
		3.6::Minimum Pad To Pad
	4::Path Details for Clock Frequency Summary
	5::Path Details for Clock Relationship Summary
	6::Path Details for DataSheet
		6.1::Setup Times Path Details
		6.2::Clock to Out Path Details
		6.3::PI to PO Path Details
		6.4::Hold Times Path Details
		6.5::Minimum Clock to Out Path Details
		6.6::Minimum Pad To Pad Path Details
 =====================================================================
                    End of Table of Contents
 #####################################################################

 #####################################################################
                    1::Clock Frequency Summary
 =====================================================================
Number of clocks: 1
Clock: clk  | N/A  | Target: 12.05 MHz  | 

 =====================================================================
                    End of Clock Frequency Summary
 #####################################################################


 #####################################################################
                    2::Clock Relationship Summary
 =====================================================================

Launch Clock  Capture Clock  Constraint(R-R)  Slack(R-R)  Constraint(R-F)  Slack(R-F)  Constraint(F-F)  Slack(F-F)  Constraint(F-R)  Slack(F-R)  

 =====================================================================
                    End of Clock Relationship Summary
 #####################################################################


 #####################################################################
                    3::Datasheet Report

All values are in Picoseconds
 =====================================================================

                        3.1::Setup Times
                        ----------------

Data Port  Clock Port  Setup Times  Clock Reference:Phase  
---------  ----------  -----------  ---------------------  


                       3.2::Clock to Out
                       -----------------

Data Port  Clock Port  Clock to Out  Clock Reference:Phase  
---------  ----------  ------------  ---------------------  


                         3.3::Pad to Pad
                         ---------------

Port Name (Input)  Port Name (Output)  Pad to Pad  
-----------------  ------------------  ----------  


                         3.4::Hold Times
                         ---------------

Data Port  Clock Port  Hold Times  Clock Reference:Phase  
---------  ----------  ----------  ---------------------  


               3.5::Minimum Clock to Out
               -------------------------

Data Port  Clock Port  Minimum Clock to Out  Clock Reference:Phase  
---------  ----------  --------------------  ---------------------  


                 3.6::Minimum Pad To Pad
                 -----------------------

Port Name (Input)  Port Name (Output)  Minimum Pad To Pad  
-----------------  ------------------  ------------------  

===================================================================== 
                    End of Datasheet Report
##################################################################### 
##################################################################### 
                    4::Path Details for Clock Frequency Summary

===================================================================== 
                    End of Path Details for Clock Frequency Summary
##################################################################### 


##################################################################### 
                    5::Path Details for Clock Relationship Summary
===================================================================== 


===================================================================== 
                    End of Path Details for Clock Relationship Summary
##################################################################### 


##################################################################### 
                    6::Path Details for DataSheet
===================================================================== 



===================================================================== 
                    End of Path Details for Datasheet
##################################################################### 

##################################################################### 
                    Detailed Setup Report for all timing paths 
===================================================================== 
===================================================================== 
                    End of Detailed Setup Report for all timing paths 
##################################################################### 

##################################################################### 
                    Detailed Hold Report for all timing paths 
===================================================================== 
===================================================================== 
                    End of Detailed Hold Report for all timing paths 
##################################################################### 

##################################################################### 
                    End of Timing Report 
##################################################################### 

