* ******************************************************************************

* iCEcube Packer

* Version:            2017.08.27940

* Build Date:         Sep 11 2017 16:52:36

* File Generated:     Sep 16 2020 21:11:38

* Purpose:            General info of design implementation

* Copyright (C) 2006-2010 by Lattice Semiconductor Corp. All rights reserved.

* ******************************************************************************

Command Line: C:\lscc\iCEcube2.2017.08\sbt_backend\bin\win32\opt\packer.exe  C:\lscc\iCEcube2.2017.08\sbt_backend\devices\ICE40P01.dev  C:/Users/ofith/OneDrive/Documents/Projects/FPGAs/Lattice/seg7/impl/seg7_Implmnt\sbt\netlist\oadb-top  --package  TQ144  --outdir  C:/Users/ofith/OneDrive/Documents/Projects/FPGAs/Lattice/seg7/impl/seg7_Implmnt\sbt\outputs\packer  --translator  C:\lscc\iCEcube2.2017.08\sbt_backend\bin\sdc_translator.tcl  --src_sdc_file  C:/Users/ofith/OneDrive/Documents/Projects/FPGAs/Lattice/seg7/impl/seg7_Implmnt\sbt\outputs\placer\top_pl.sdc  --dst_sdc_file  C:/Users/ofith/OneDrive/Documents/Projects/FPGAs/Lattice/seg7/impl/seg7_Implmnt\sbt\outputs\packer\top_pk.sdc  --devicename  iCE40HX1K  

***** Device Info *****
Chip: iCE40HX1K
Package: TQ144
Size: 12 X 16

***** Design Utilization Info *****
Design: top
Used Logic Cell: 1/1280
Used Logic Tile: 1/160
Used IO Cell:    8/112
Used Bram Cell For iCE40: 0/16
Used PLL For iCE40: 0/1
Ram Cascading Used: 0
Lut Cascading Used: 0

***** Clock Info *****

***** Placement Info *****
Logic cell utilization per tile
    . . . . + . . . . 1 . . . . 
   ----------------------------
17|                             
16|   0 0 0 0 0 0 0 0 0 0 0 0   
15|   0 0 0 0 0 0 0 0 0 0 0 0   
14|   0 0 0 0 0 0 0 0 0 0 0 0   
13|   0 0 0 0 0 0 0 0 0 0 0 0   
12|   0 0 0 0 0 0 0 0 0 0 0 0   
11|   0 0 0 0 0 0 0 0 0 0 0 0   
10|   0 0 0 0 0 0 0 0 0 0 0 0   
 9|   0 0 0 0 0 0 0 0 0 0 0 0   
 8|   0 0 0 0 0 0 0 0 0 0 0 0   
 7|   0 0 0 0 0 0 0 0 0 0 0 0   
 6|   0 0 0 0 0 0 0 0 0 0 0 0   
 5|   0 0 0 0 0 0 0 0 0 0 0 1   
 4|   0 0 0 0 0 0 0 0 0 0 0 0   
 3|   0 0 0 0 0 0 0 0 0 0 0 0   
 2|   0 0 0 0 0 0 0 0 0 0 0 0   
 1|   0 0 0 0 0 0 0 0 0 0 0 0   
 0|                             

Maximum number of Logic cells per logic tile: 1
Average number of Logic cells per logic tile: 1.00

***** Input Pin Density Info *****
Number of input nets per logic tile
     .  .  .  .  +  .  .  .  .  1  .  .  .  . 
   ------------------------------------------
17|                                           
16|     0  0  0  0  0  0  0  0  0  0  0  0    
15|     0  0  0  0  0  0  0  0  0  0  0  0    
14|     0  0  0  0  0  0  0  0  0  0  0  0    
13|     0  0  0  0  0  0  0  0  0  0  0  0    
12|     0  0  0  0  0  0  0  0  0  0  0  0    
11|     0  0  0  0  0  0  0  0  0  0  0  0    
10|     0  0  0  0  0  0  0  0  0  0  0  0    
 9|     0  0  0  0  0  0  0  0  0  0  0  0    
 8|     0  0  0  0  0  0  0  0  0  0  0  0    
 7|     0  0  0  0  0  0  0  0  0  0  0  0    
 6|     0  0  0  0  0  0  0  0  0  0  0  0    
 5|     0  0  0  0  0  0  0  0  0  0  0  0    
 4|     0  0  0  0  0  0  0  0  0  0  0  0    
 3|     0  0  0  0  0  0  0  0  0  0  0  0    
 2|     0  0  0  0  0  0  0  0  0  0  0  0    
 1|     0  0  0  0  0  0  0  0  0  0  0  0    
 0|                                           

Maximum number of input nets per logic tile: 0
Average number of input nets per logic tile: -1.#J

Number of input pins per logic tile
     .  .  .  .  +  .  .  .  .  1  .  .  .  . 
   ------------------------------------------
17|                                           
16|     0  0  0  0  0  0  0  0  0  0  0  0    
15|     0  0  0  0  0  0  0  0  0  0  0  0    
14|     0  0  0  0  0  0  0  0  0  0  0  0    
13|     0  0  0  0  0  0  0  0  0  0  0  0    
12|     0  0  0  0  0  0  0  0  0  0  0  0    
11|     0  0  0  0  0  0  0  0  0  0  0  0    
10|     0  0  0  0  0  0  0  0  0  0  0  0    
 9|     0  0  0  0  0  0  0  0  0  0  0  0    
 8|     0  0  0  0  0  0  0  0  0  0  0  0    
 7|     0  0  0  0  0  0  0  0  0  0  0  0    
 6|     0  0  0  0  0  0  0  0  0  0  0  0    
 5|     0  0  0  0  0  0  0  0  0  0  0  0    
 4|     0  0  0  0  0  0  0  0  0  0  0  0    
 3|     0  0  0  0  0  0  0  0  0  0  0  0    
 2|     0  0  0  0  0  0  0  0  0  0  0  0    
 1|     0  0  0  0  0  0  0  0  0  0  0  0    
 0|                                           

Maximum number of input pins per logic tile: 0
Average number of input pins per logic tile: -1.#J

***** Run Time Info *****
Run Time:  0
